<?xml version="1.0" encoding="UTF-8"?>
<!-- Generated by org.testng.reporters.JUnitReportReporter -->
<testsuite hostname="LTIN509709" failures="0" tests="1" name="testCases.TC_002_LoginTest" time="27.920" errors="0" timestamp="2024-04-02T22:43:08 IST" skipped="0">
  <testcase classname="testCases.TC_002_LoginTest" name="verify_login" time="27.920"/>
</testsuite> <!-- testCases.TC_002_LoginTest -->
