<?xml version="1.0" encoding="UTF-8"?>
<!-- Generated by org.testng.reporters.JUnitReportReporter -->
<testsuite hostname="LTIN509709" failures="0" tests="1" name="testCases.TC_001_AccountRegistrationTest" time="24.155" errors="0" timestamp="2024-04-08T20:56:32 IST" skipped="0">
  <testcase classname="testCases.TC_001_AccountRegistrationTest" name="verify_account_registration" time="24.155"/>
</testsuite> <!-- testCases.TC_001_AccountRegistrationTest -->
