<?xml version="1.0" encoding="UTF-8"?>
<!-- Generated by org.testng.reporters.JUnitReportReporter -->
<testsuite hostname="LTIN509709" failures="0" tests="1" name="testCases.TC_002_LoginTest" time="27.988" errors="0" timestamp="2024-04-08T20:56:32 IST" skipped="0">
  <testcase classname="testCases.TC_002_LoginTest" name="verify_login" time="27.988"/>
</testsuite> <!-- testCases.TC_002_LoginTest -->
